chat/build/outputs/logs/manifest-merger-debug-report.txt
-- Merging decision tree log ---
manifest
ADDED from src\main\AndroidManifest.xml:2:1-294:12
INJECTED from src\main\AndroidManifest.xml:2:1-294:12
INJECTED from src\main\AndroidManifest.xml:2:1-294:12
INJECTED from src\main\AndroidManifest.xml:2:1-294:12
INJECTED from src\main\AndroidManifest.xml:2:1-294:12
INJECTED from src\main\AndroidManifest.xml:2:1-294:12
INJECTED from src\main\AndroidManifest.xml:2:1-294:12
	package
		ADDED from src\main\AndroidManifest.xml:4:5-42
		INJECTED from src\main\AndroidManifest.xml
		INJECTED from src\main\AndroidManifest.xml
	android:versionName
		INJECTED from src\main\AndroidManifest.xml
		ADDED from src\main\AndroidManifest.xml:2:1-294:12
		INJECTED from src\main\AndroidManifest.xml
	xmlns:tools
		ADDED from src\main\AndroidManifest.xml:3:5-51
	android:versionCode
		INJECTED from src\main\AndroidManifest.xml
		ADDED from src\main\AndroidManifest.xml:2:1-294:12
		INJECTED from src\main\AndroidManifest.xml
	xmlns:android
		ADDED from src\main\AndroidManifest.xml:2:11-69
uses-permission#android.permission.INTERNET
ADDED from src\main\AndroidManifest.xml:6:5-67
	android:name
		ADDED from src\main\AndroidManifest.xml:6:22-64
permission#com.tencent.qcloud.tim.tuikit.permission.PROCESS_PUSH_MSG
ADDED from src\main\AndroidManifest.xml:8:5-10:55
	android:protectionLevel
		ADDED from src\main\AndroidManifest.xml:10:9-52
	android:name
		ADDED from src\main\AndroidManifest.xml:9:9-81
uses-permission#com.tencent.qcloud.tim.tuikit.permission.PROCESS_PUSH_MSG
ADDED from src\main\AndroidManifest.xml:12:5-97
	android:name
		ADDED from src\main\AndroidManifest.xml:12:22-94
permission#com.tencent.qcloud.tim.tuikit.permission.MIPUSH_RECEIVE
ADDED from src\main\AndroidManifest.xml:15:5-17:47
	android:protectionLevel
		ADDED from src\main\AndroidManifest.xml:17:9-44
	android:name
		ADDED from src\main\AndroidManifest.xml:16:9-79
uses-permission#com.tencent.qcloud.tim.tuikit.permission.MIPUSH_RECEIVE
ADDED from src\main\AndroidManifest.xml:19:5-95
	android:name
		ADDED from src\main\AndroidManifest.xml:19:22-92
uses-permission#com.meizu.flyme.push.permission.RECEIVE
ADDED from src\main\AndroidManifest.xml:23:5-79
	android:name
		ADDED from src\main\AndroidManifest.xml:23:22-76
permission#com.tencent.qcloud.tim.tuikit.push.permission.MESSAGE
ADDED from src\main\AndroidManifest.xml:25:5-27:47
	android:protectionLevel
		ADDED from src\main\AndroidManifest.xml:27:9-44
	android:name
		ADDED from src\main\AndroidManifest.xml:26:9-77
uses-permission#com.tencent.qcloud.tim.tuikit.push.permission.MESSAGE
ADDED from src\main\AndroidManifest.xml:29:5-93
	android:name
		ADDED from src\main\AndroidManifest.xml:29:22-90
uses-permission#com.meizu.c2dm.permission.RECEIVE
ADDED from src\main\AndroidManifest.xml:32:5-73
	android:name
		ADDED from src\main\AndroidManifest.xml:32:22-70
permission#com.tencent.qcloud.tim.tuikit.permission.C2D_MESSAGE
ADDED from src\main\AndroidManifest.xml:34:5-36:47
	android:protectionLevel
		ADDED from src\main\AndroidManifest.xml:36:9-44
	android:name
		ADDED from src\main\AndroidManifest.xml:35:9-76
uses-permission#com.tencent.qcloud.tim.tuikit.permission.C2D_MESSAGE
ADDED from src\main\AndroidManifest.xml:38:5-92
	android:name
		ADDED from src\main\AndroidManifest.xml:38:22-89
application
ADDED from src\main\AndroidManifest.xml:40:5-292:19
	android:supportsRtl
		ADDED from src\main\AndroidManifest.xml:45:9-35
	android:label
		ADDED from src\main\AndroidManifest.xml:44:9-41
	android:icon
		ADDED from src\main\AndroidManifest.xml:43:9-45
	android:allowBackup
		ADDED from src\main\AndroidManifest.xml:42:9-35
	android:theme
		ADDED from src\main\AndroidManifest.xml:47:9-40
	android:usesCleartextTraffic
		ADDED from src\main\AndroidManifest.xml:46:9-44
	android:name
		ADDED from src\main\AndroidManifest.xml:41:9-67
activity#com.tencent.qcloud.tim.demo.SplashActivity
ADDED from src\main\AndroidManifest.xml:49:9-58:20
	android:screenOrientation
		ADDED from src\main\AndroidManifest.xml:51:13-49
	android:theme
		ADDED from src\main\AndroidManifest.xml:52:13-47
	android:name
		ADDED from src\main\AndroidManifest.xml:50:13-70
intent-filter#action:name:android.intent.action.MAIN+action:name:android.intent.action.VIEW+category:name:android.intent.category.LAUNCHER
ADDED from src\main\AndroidManifest.xml:53:13-57:29
action#android.intent.action.VIEW
ADDED from src\main\AndroidManifest.xml:54:17-69
	android:name
		ADDED from src\main\AndroidManifest.xml:54:25-66
action#android.intent.action.MAIN
ADDED from src\main\AndroidManifest.xml:55:17-69
	android:name
		ADDED from src\main\AndroidManifest.xml:55:25-66
category#android.intent.category.LAUNCHER
ADDED from src\main\AndroidManifest.xml:56:17-77
	android:name
		ADDED from src\main\AndroidManifest.xml:56:27-74
activity#com.tencent.qcloud.tim.demo.login.LoginForDevActivity
ADDED from src\main\AndroidManifest.xml:60:9-62:52
	android:screenOrientation
		ADDED from src\main\AndroidManifest.xml:62:13-49
	android:name
		ADDED from src\main\AndroidManifest.xml:61:13-81
activity#com.tencent.qcloud.tim.demo.chat.ChatActivity
ADDED from src\main\AndroidManifest.xml:64:9-68:70
	android:screenOrientation
		ADDED from src\main\AndroidManifest.xml:67:13-49
	android:launchMode
		ADDED from src\main\AndroidManifest.xml:66:13-44
	android:windowSoftInputMode
		ADDED from src\main\AndroidManifest.xml:68:13-67
	android:name
		ADDED from src\main\AndroidManifest.xml:65:13-73
activity#com.tencent.qcloud.tim.demo.main.MainActivity
ADDED from src\main\AndroidManifest.xml:70:9-73:52
	android:screenOrientation
		ADDED from src\main\AndroidManifest.xml:73:13-49
	android:launchMode
		ADDED from src\main\AndroidManifest.xml:72:13-44
	android:name
		ADDED from src\main\AndroidManifest.xml:71:13-73
activity#com.tencent.qcloud.tim.demo.menu.AddMoreActivity
ADDED from src\main\AndroidManifest.xml:75:9-77:52
	android:screenOrientation
		ADDED from src\main\AndroidManifest.xml:77:13-49
	android:name
		ADDED from src\main\AndroidManifest.xml:76:13-76
activity#com.tencent.qcloud.tim.demo.contact.FriendProfileActivity
ADDED from src\main\AndroidManifest.xml:78:9-80:52
	android:screenOrientation
		ADDED from src\main\AndroidManifest.xml:80:13-49
	android:name
		ADDED from src\main\AndroidManifest.xml:79:13-85
activity#com.tencent.qcloud.tim.demo.contact.NewFriendActivity
ADDED from src\main\AndroidManifest.xml:81:9-83:52
	android:screenOrientation
		ADDED from src\main\AndroidManifest.xml:83:13-49
	android:name
		ADDED from src\main\AndroidManifest.xml:82:13-81
activity#com.tencent.qcloud.tim.demo.contact.BlackListActivity
ADDED from src\main\AndroidManifest.xml:84:9-86:52
	android:screenOrientation
		ADDED from src\main\AndroidManifest.xml:86:13-49
	android:name
		ADDED from src\main\AndroidManifest.xml:85:13-81
activity#com.tencent.qcloud.tim.demo.contact.GroupListActivity
ADDED from src\main\AndroidManifest.xml:87:9-89:52
	android:screenOrientation
		ADDED from src\main\AndroidManifest.xml:89:13-49
	android:name
		ADDED from src\main\AndroidManifest.xml:88:13-81
activity#com.tencent.qcloud.tim.demo.menu.StartC2CChatActivity
ADDED from src\main\AndroidManifest.xml:90:9-92:52
	android:screenOrientation
		ADDED from src\main\AndroidManifest.xml:92:13-49
	android:name
		ADDED from src\main\AndroidManifest.xml:91:13-81
activity#com.tencent.qcloud.tim.demo.profile.WebViewActivity
ADDED from src\main\AndroidManifest.xml:93:9-95:52
	android:screenOrientation
		ADDED from src\main\AndroidManifest.xml:95:13-49
	android:name
		ADDED from src\main\AndroidManifest.xml:94:13-79
activity#com.tencent.qcloud.tim.demo.menu.StartGroupChatActivity
ADDED from src\main\AndroidManifest.xml:96:9-99:73
	android:screenOrientation
		ADDED from src\main\AndroidManifest.xml:98:13-49
	android:windowSoftInputMode
		ADDED from src\main\AndroidManifest.xml:99:13-70
	android:name
		ADDED from src\main\AndroidManifest.xml:97:13-83
service#com.xiaomi.push.service.XMPushService
ADDED from src\main\AndroidManifest.xml:126:9-129:46
	android:process
		ADDED from src\main\AndroidManifest.xml:129:13-43
	android:enabled
		ADDED from src\main\AndroidManifest.xml:128:13-35
	android:name
		ADDED from src\main\AndroidManifest.xml:127:13-65
service#com.xiaomi.push.service.XMJobService
ADDED from src\main\AndroidManifest.xml:130:9-135:46
	android:process
		ADDED from src\main\AndroidManifest.xml:135:13-43
	android:enabled
		ADDED from src\main\AndroidManifest.xml:132:13-35
	android:exported
		ADDED from src\main\AndroidManifest.xml:133:13-37
	android:permission
		ADDED from src\main\AndroidManifest.xml:134:13-69
	android:name
		ADDED from src\main\AndroidManifest.xml:131:13-64
service#com.xiaomi.mipush.sdk.PushMessageHandler
ADDED from src\main\AndroidManifest.xml:138:9-142:46
	android:enabled
		ADDED from src\main\AndroidManifest.xml:140:13-35
	android:exported
		ADDED from src\main\AndroidManifest.xml:141:13-36
	tools:ignore
		ADDED from src\main\AndroidManifest.xml:142:13-43
	android:name
		ADDED from src\main\AndroidManifest.xml:139:13-68
service#com.xiaomi.mipush.sdk.MessageHandleService
ADDED from src\main\AndroidManifest.xml:143:9-145:38
	android:enabled
		ADDED from src\main\AndroidManifest.xml:145:13-35
	android:name
		ADDED from src\main\AndroidManifest.xml:144:13-70
receiver#com.xiaomi.push.service.receivers.NetworkStatusReceiver
ADDED from src\main\AndroidManifest.xml:148:9-156:20
	android:exported
		ADDED from src\main\AndroidManifest.xml:150:13-36
	android:name
		ADDED from src\main\AndroidManifest.xml:149:13-83
intent-filter#action:name:android.net.conn.CONNECTIVITY_CHANGE+category:name:android.intent.category.DEFAULT
ADDED from src\main\AndroidManifest.xml:151:13-155:29
action#android.net.conn.CONNECTIVITY_CHANGE
ADDED from src\main\AndroidManifest.xml:152:17-79
	android:name
		ADDED from src\main\AndroidManifest.xml:152:25-76
category#android.intent.category.DEFAULT
ADDED from src\main\AndroidManifest.xml:154:17-76
	android:name
		ADDED from src\main\AndroidManifest.xml:154:27-73
receiver#com.xiaomi.push.service.receivers.PingReceiver
ADDED from src\main\AndroidManifest.xml:157:9-164:20
	android:process
		ADDED from src\main\AndroidManifest.xml:160:13-43
	android:exported
		ADDED from src\main\AndroidManifest.xml:159:13-37
	android:name
		ADDED from src\main\AndroidManifest.xml:158:13-74
intent-filter#action:name:com.xiaomi.push.PING_TIMER
ADDED from src\main\AndroidManifest.xml:161:13-163:29
action#com.xiaomi.push.PING_TIMER
ADDED from src\main\AndroidManifest.xml:162:17-69
	android:name
		ADDED from src\main\AndroidManifest.xml:162:25-66
receiver#com.tencent.qcloud.tim.demo.thirdpush.XiaomiMsgReceiver
ADDED from src\main\AndroidManifest.xml:167:9-179:20
	android:exported
		ADDED from src\main\AndroidManifest.xml:169:13-36
	android:name
		ADDED from src\main\AndroidManifest.xml:168:13-83
intent-filter#action:name:com.xiaomi.mipush.RECEIVE_MESSAGE
ADDED from src\main\AndroidManifest.xml:170:13-172:29
action#com.xiaomi.mipush.RECEIVE_MESSAGE
ADDED from src\main\AndroidManifest.xml:171:17-76
	android:name
		ADDED from src\main\AndroidManifest.xml:171:25-73
intent-filter#action:name:com.xiaomi.mipush.MESSAGE_ARRIVED
ADDED from src\main\AndroidManifest.xml:173:13-175:29
action#com.xiaomi.mipush.MESSAGE_ARRIVED
ADDED from src\main\AndroidManifest.xml:174:17-76
	android:name
		ADDED from src\main\AndroidManifest.xml:174:25-73
intent-filter#action:name:com.xiaomi.mipush.ERROR
ADDED from src\main\AndroidManifest.xml:176:13-178:29
action#com.xiaomi.mipush.ERROR
ADDED from src\main\AndroidManifest.xml:177:17-66
	android:name
		ADDED from src\main\AndroidManifest.xml:177:25-63
meta-data#com.huawei.hms.client.appid
ADDED from src\main\AndroidManifest.xml:182:9-184:47
	android:value
		ADDED from src\main\AndroidManifest.xml:184:13-44
	android:name
		ADDED from src\main\AndroidManifest.xml:183:13-55
provider#com.huawei.hms.update.provider.UpdateProvider
ADDED from src\main\AndroidManifest.xml:186:9-190:50
	android:grantUriPermissions
		ADDED from src\main\AndroidManifest.xml:190:13-47
	android:authorities
		ADDED from src\main\AndroidManifest.xml:188:13-84
	android:exported
		ADDED from src\main\AndroidManifest.xml:189:13-37
	android:name
		ADDED from src\main\AndroidManifest.xml:187:13-73
provider#com.huawei.updatesdk.fileprovider.UpdateSdkFileProvider
ADDED from src\main\AndroidManifest.xml:192:9-196:49
	android:grantUriPermissions
		ADDED from src\main\AndroidManifest.xml:196:13-47
	android:authorities
		ADDED from src\main\AndroidManifest.xml:194:13-87
	android:exported
		ADDED from src\main\AndroidManifest.xml:195:13-37
	android:name
		ADDED from src\main\AndroidManifest.xml:193:13-83
activity#com.huawei.android.hms.agent.common.HMSAgentActivity
ADDED from src\main\AndroidManifest.xml:198:9-208:20
	android:excludeFromRecents
		ADDED from src\main\AndroidManifest.xml:201:13-46
	android:hardwareAccelerated
		ADDED from src\main\AndroidManifest.xml:203:13-47
	android:exported
		ADDED from src\main\AndroidManifest.xml:202:13-37
	android:configChanges
		ADDED from src\main\AndroidManifest.xml:200:13-92
	android:theme
		ADDED from src\main\AndroidManifest.xml:204:13-61
	android:name
		ADDED from src\main\AndroidManifest.xml:199:13-80
meta-data#hwc-theme
ADDED from src\main\AndroidManifest.xml:205:13-207:77
	android:value
		ADDED from src\main\AndroidManifest.xml:207:17-74
	android:name
		ADDED from src\main\AndroidManifest.xml:206:17-41
activity#com.huawei.hms.activity.BridgeActivity
ADDED from src\main\AndroidManifest.xml:210:9-220:20
	android:excludeFromRecents
		ADDED from src\main\AndroidManifest.xml:213:13-46
	android:hardwareAccelerated
		ADDED from src\main\AndroidManifest.xml:215:13-47
	android:exported
		ADDED from src\main\AndroidManifest.xml:214:13-37
	android:configChanges
		ADDED from src\main\AndroidManifest.xml:212:13-92
	android:theme
		ADDED from src\main\AndroidManifest.xml:216:13-61
	android:name
		ADDED from src\main\AndroidManifest.xml:211:13-66
receiver#com.tencent.qcloud.tim.demo.thirdpush.HUAWEIPushReceiver
ADDED from src\main\AndroidManifest.xml:221:9-233:20
	android:permission
		ADDED from src\main\AndroidManifest.xml:223:13-91
	android:name
		ADDED from src\main\AndroidManifest.xml:222:13-84
intent-filter#action:name:com.huawei.android.push.intent.RECEIVE+action:name:com.huawei.android.push.intent.REGISTRATION+action:name:com.huawei.intent.action.PUSH_DELAY_NOTIFY
ADDED from src\main\AndroidManifest.xml:224:13-232:29
action#com.huawei.android.push.intent.REGISTRATION
ADDED from src\main\AndroidManifest.xml:227:17-86
	android:name
		ADDED from src\main\AndroidManifest.xml:227:25-83
action#com.huawei.android.push.intent.RECEIVE
ADDED from src\main\AndroidManifest.xml:229:17-81
	android:name
		ADDED from src\main\AndroidManifest.xml:229:25-78
action#com.huawei.intent.action.PUSH_DELAY_NOTIFY
ADDED from src\main\AndroidManifest.xml:231:17-85
	android:name
		ADDED from src\main\AndroidManifest.xml:231:25-82
service#com.huawei.hms.support.api.push.service.HmsMsgService
ADDED from src\main\AndroidManifest.xml:235:9-244:19
	android:process
		ADDED from src\main\AndroidManifest.xml:239:13-43
	android:enabled
		ADDED from src\main\AndroidManifest.xml:237:13-35
	android:exported
		ADDED from src\main\AndroidManifest.xml:238:13-36
	android:name
		ADDED from src\main\AndroidManifest.xml:236:13-81
intent-filter#action:name:com.huawei.push.msg.NOTIFY_MSG+action:name:com.huawei.push.msg.PASSBY_MSG
ADDED from src\main\AndroidManifest.xml:240:13-243:29
action#com.huawei.push.msg.NOTIFY_MSG
ADDED from src\main\AndroidManifest.xml:241:17-73
	android:name
		ADDED from src\main\AndroidManifest.xml:241:25-70
action#com.huawei.push.msg.PASSBY_MSG
ADDED from src\main\AndroidManifest.xml:242:17-73
	android:name
		ADDED from src\main\AndroidManifest.xml:242:25-70
receiver#com.tencent.qcloud.tim.demo.thirdpush.MEIZUPushReceiver
ADDED from src\main\AndroidManifest.xml:249:9-264:20
	android:name
		ADDED from src\main\AndroidManifest.xml:249:19-89
intent-filter#action:name:com.meizu.c2dm.intent.RECEIVE+action:name:com.meizu.c2dm.intent.REGISTRATION+action:name:com.meizu.flyme.push.intent.MESSAGE+action:name:com.meizu.flyme.push.intent.REGISTER.FEEDBACK+action:name:com.meizu.flyme.push.intent.UNREGISTER.FEEDBACK+category:name:com.tencent.qcloud.uipojo.thirdpush
ADDED from src\main\AndroidManifest.xml:250:13-263:29
action#com.meizu.flyme.push.intent.MESSAGE
ADDED from src\main\AndroidManifest.xml:253:17-78
	android:name
		ADDED from src\main\AndroidManifest.xml:253:25-75
action#com.meizu.flyme.push.intent.REGISTER.FEEDBACK
ADDED from src\main\AndroidManifest.xml:255:17-88
	android:name
		ADDED from src\main\AndroidManifest.xml:255:25-85
action#com.meizu.flyme.push.intent.UNREGISTER.FEEDBACK
ADDED from src\main\AndroidManifest.xml:257:17-90
	android:name
		ADDED from src\main\AndroidManifest.xml:257:25-87
action#com.meizu.c2dm.intent.REGISTRATION
ADDED from src\main\AndroidManifest.xml:259:17-77
	android:name
		ADDED from src\main\AndroidManifest.xml:259:25-74
action#com.meizu.c2dm.intent.RECEIVE
ADDED from src\main\AndroidManifest.xml:260:17-72
	android:name
		ADDED from src\main\AndroidManifest.xml:260:25-69
category#com.tencent.qcloud.uipojo.thirdpush
ADDED from src\main\AndroidManifest.xml:262:17-80
	android:name
		ADDED from src\main\AndroidManifest.xml:262:27-77
service#com.vivo.push.sdk.service.CommandClientService
ADDED from src\main\AndroidManifest.xml:268:9-270:39
	android:exported
		ADDED from src\main\AndroidManifest.xml:270:13-36
	android:name
		ADDED from src\main\AndroidManifest.xml:269:13-74
activity#com.vivo.push.sdk.LinkProxyClientActivity
ADDED from src\main\AndroidManifest.xml:272:9-276:75
	android:screenOrientation
		ADDED from src\main\AndroidManifest.xml:275:13-49
	android:exported
		ADDED from src\main\AndroidManifest.xml:274:13-37
	android:theme
		ADDED from src\main\AndroidManifest.xml:276:13-72
	android:name
		ADDED from src\main\AndroidManifest.xml:273:13-69
receiver#com.tencent.qcloud.tim.demo.thirdpush.VIVOPushMessageReceiverImpl
ADDED from src\main\AndroidManifest.xml:279:9-284:20
	android:name
		ADDED from src\main\AndroidManifest.xml:279:19-99
intent-filter#action:name:com.vivo.pushclient.action.RECEIVE
ADDED from src\main\AndroidManifest.xml:280:13-283:29
action#com.vivo.pushclient.action.RECEIVE
ADDED from src\main\AndroidManifest.xml:282:17-77
	android:name
		ADDED from src\main\AndroidManifest.xml:282:25-74
meta-data#com.vivo.push.api_key
ADDED from src\main\AndroidManifest.xml:286:9-288:68
	android:value
		ADDED from src\main\AndroidManifest.xml:288:13-65
	android:name
		ADDED from src\main\AndroidManifest.xml:287:13-49
meta-data#com.vivo.push.app_id
ADDED from src\main\AndroidManifest.xml:289:9-291:37
	android:value
		ADDED from src\main\AndroidManifest.xml:291:13-34
	android:name
		ADDED from src\main\AndroidManifest.xml:290:13-48
uses-sdk
INJECTED from src\main\AndroidManifest.xml reason: use-sdk injection requested
INJECTED from src\main\AndroidManifest.xml
INJECTED from src\main\AndroidManifest.xml
INJECTED from src\main\AndroidManifest.xml
INJECTED from src\main\AndroidManifest.xml
	android:targetSdkVersion
		INJECTED from src\main\AndroidManifest.xml
		ADDED from src\main\AndroidManifest.xml
		INJECTED from src\main\AndroidManifest.xml
	android:minSdkVersion
		INJECTED from src\main\AndroidManifest.xml
		ADDED from src\main\AndroidManifest.xml
		INJECTED from src\main\AndroidManifest.xml